<!DOCTYPE html PUBLIC "-//W3C//DTD XHTML 1.1//EN" "http://www.w3.org/TR/xhtml11/DTD/xhtml11.dtd">
<html xmlns="http://www.w3.org/1999/xhtml"><head><title>TestNG Report</title><style type="text/css">table {margin-bottom:10px;border-collapse:collapse;empty-cells:show}th,td {border:1px solid #009;padding:.25em .5em}th {vertical-align:bottom}td {vertical-align:top}table a {font-weight:bold}.stripe td {background-color: #E6EBF9}.num {text-align:right}.passedodd td {background-color: #3F3}.passedeven td {background-color: #0A0}.skippedodd td {background-color: #DDD}.skippedeven td {background-color: #CCC}.failedodd td,.attn {background-color: #F33}.failedeven td,.stripe .attn {background-color: #D00}.stacktrace {white-space:pre;font-family:monospace}.totop {font-size:85%;text-align:center;border-bottom:2px solid #000}</style></head><body><table><tr><th>Test</th><th># Passed</th><th># Skipped</th><th># Failed</th><th>Time (ms)</th><th>Included Groups</th><th>Excluded Groups</th></tr><tr><th colspan="7">Automation Testing IITBombayX Using Selenium</th></tr><tr><td><a href="#t0">Home Page of IITBombayX</a></td><td class="num">4</td><td class="num">0</td><td class="num">0</td><td class="num">60,600</td><td></td><td></td></tr><tr class="stripe"><td><a href="#t1">Registration Page of IITBombayX</a></td><td class="num">2</td><td class="num">0</td><td class="num attn">1</td><td class="num">47,765</td><td></td><td></td></tr><tr><td><a href="#t2">Login Page of IITBombayX</a></td><td class="num">2</td><td class="num">0</td><td class="num">0</td><td class="num">39,491</td><td></td><td></td></tr><tr class="stripe"><td><a href="#t3">Faq page of  IITBombayX</a></td><td class="num">5</td><td class="num">0</td><td class="num">0</td><td class="num">66,734</td><td></td><td></td></tr><tr><td><a href="#t4">Course Structure of IITBombayX</a></td><td class="num">1</td><td class="num">0</td><td class="num attn">2</td><td class="num">77,626</td><td></td><td></td></tr><tr class="stripe"><td><a href="#t5">Course videos of  IITBombayX</a></td><td class="num">0</td><td class="num">0</td><td class="num attn">3</td><td class="num">69,705</td><td></td><td></td></tr><tr><th>Total</th><th class="num">14</th><th class="num">0</th><th class="num attn">6</th><th class="num">361,921</th><th colspan="2"></th></tr></table><table><thead><tr><th>Class</th><th>Method</th><th>Start</th><th>Time (ms)</th></tr></thead><tbody><tr><th colspan="4">Automation Testing IITBombayX Using Selenium</th></tr></tbody><tbody id="t0"><tr><th colspan="4">Home Page of IITBombayX &#8212; passed</th></tr><tr class="passedeven"><td rowspan="1">iitbombayX_homePage_test.Homepage_header_Navlinks_test</td><td><a href="#m0">testHomePage</a></td><td rowspan="1">1435811426145</td><td rowspan="1">16363</td></tr><tr class="passedodd"><td rowspan="1">iitbombayX_homePage_test.homePage_text</td><td><a href="#m1">text_onPage</a></td><td rowspan="1">1435811463220</td><td rowspan="1">2933</td></tr><tr class="passedeven"><td rowspan="1">iitbombayX_homePage_test.home_content_font</td><td><a href="#m2">check_content</a></td><td rowspan="1">1435811472950</td><td rowspan="1">2417</td></tr><tr class="passedodd"><td rowspan="1">iitbombayX_homePage_test.home_footer_nav_link</td><td><a href="#m3">testHomeFooterNav</a></td><td rowspan="1">1435811448452</td><td rowspan="1">8471</td></tr></tbody><tbody id="t1"><tr><th colspan="4">Registration Page of IITBombayX &#8212; failed</th></tr><tr class="failedeven"><td rowspan="1">iitbombayX.registrationPage.test_registration_page</td><td><a href="#m4">testRegPage</a></td><td rowspan="1">1435811509694</td><td rowspan="1">13535</td></tr><tr><th colspan="4">Registration Page of IITBombayX &#8212; passed</th></tr><tr class="passedeven"><td rowspan="1">iitbombayX.registrationPage.content_test</td><td><a href="#m5">RegistrationPageContent</a></td><td rowspan="1">1435811500342</td><td rowspan="1">3236</td></tr><tr class="passedodd"><td rowspan="1">iitbombayX.registrationPage.registrationPage_header_link</td><td><a href="#m6">registration_header_nav</a></td><td rowspan="1">1435811481760</td><td rowspan="1">12301</td></tr></tbody><tbody id="t2"><tr><th colspan="4">Login Page of IITBombayX &#8212; passed</th></tr><tr class="passedeven"><td rowspan="1">iitbombayX.loginPage.ForgotPassword</td><td><a href="#m7">testResetPassword</a></td><td rowspan="1">1435811529693</td><td rowspan="1">20500</td></tr><tr class="passedodd"><td rowspan="1">iitbombayX.loginPage.testLoginPage</td><td><a href="#m8">testLoginPage</a></td><td rowspan="1">1435811557087</td><td rowspan="1">5589</td></tr></tbody><tbody id="t3"><tr><th colspan="4">Faq page of  IITBombayX &#8212; passed</th></tr><tr class="passedeven"><td rowspan="1">HomeToFAQ_page_test.FAQpage_header_Navlinks_test</td><td><a href="#m9">testHomeToFaqHeadernavLink</a></td><td rowspan="1">1435811594723</td><td rowspan="1">13919</td></tr><tr class="passedodd"><td rowspan="1">HomeToFAQ_page_test.faqLeft_Panel_navLink_test</td><td><a href="#m10">testFAQLeftPanel</a></td><td rowspan="1">1435811580088</td><td rowspan="1">8107</td></tr><tr class="passedeven"><td rowspan="1">HomeToFAQ_page_test.faq_LEARNERS_content_page</td><td><a href="#m11">FAQ_content_page</a></td><td rowspan="1">1435811568792</td><td rowspan="1">5157</td></tr><tr class="passedodd"><td rowspan="1">HomeToFAQ_page_test.faq_On_FaqPage</td><td><a href="#m12">faqOf_FaqPage</a></td><td rowspan="1">1435811627182</td><td rowspan="1">2258</td></tr><tr class="passedeven"><td rowspan="1">HomeToFAQ_page_test.homeToFAQ_footer_nav_link</td><td><a href="#m13">testFAQFooter</a></td><td rowspan="1">1435811614844</td><td rowspan="1">6206</td></tr></tbody><tbody id="t4"><tr><th colspan="4">Course Structure of IITBombayX &#8212; failed</th></tr><tr class="failedeven"><td rowspan="1">iitbombayX.TS04.TS04_TC01</td><td><a href="#m14">courseStructure</a></td><td rowspan="1">1435811635306</td><td rowspan="1">34980</td></tr><tr class="failedodd"><td rowspan="1">iitbombayX.TS04.TS04_TC03</td><td><a href="#m15">findCourses</a></td><td rowspan="1">1435811688618</td><td rowspan="1">18419</td></tr><tr><th colspan="4">Course Structure of IITBombayX &#8212; passed</th></tr><tr class="passedeven"><td rowspan="1">iitbombayX.TS04.TS04_TC02</td><td><a href="#m16">logout_fromAccount</a></td><td rowspan="1">1435811676713</td><td rowspan="1">5714</td></tr></tbody><tbody id="t5"><tr><th colspan="4">Course videos of  IITBombayX &#8212; failed</th></tr><tr class="failedeven"><td rowspan="1">iitbombayX.TS05.TS05_TC01</td><td><a href="#m17">viewLecture_Video</a></td><td rowspan="1">1435811713192</td><td rowspan="1">17852</td></tr><tr class="failedodd"><td rowspan="1">iitbombayX.TS05.TS05_TC02</td><td><a href="#m18">viewLect_transcript</a></td><td rowspan="1">1435811737009</td><td rowspan="1">17132</td></tr><tr class="failedeven"><td rowspan="1">iitbombayX.TS05.TS05_TC04</td><td><a href="#m19">download_transcript_video</a></td><td rowspan="1">1435811760397</td><td rowspan="1">16352</td></tr></tbody></table><h2>Home Page of IITBombayX</h2><h3 id="m0">iitbombayX_homePage_test.Homepage_header_Navlinks_test#testHomePage</h3><table class="result"></table><p class="totop"><a href="#summary">back to summary</a></p><h3 id="m1">iitbombayX_homePage_test.homePage_text#text_onPage</h3><table class="result"></table><p class="totop"><a href="#summary">back to summary</a></p><h3 id="m2">iitbombayX_homePage_test.home_content_font#check_content</h3><table class="result"></table><p class="totop"><a href="#summary">back to summary</a></p><h3 id="m3">iitbombayX_homePage_test.home_footer_nav_link#testHomeFooterNav</h3><table class="result"></table><p class="totop"><a href="#summary">back to summary</a></p><h2>Registration Page of IITBombayX</h2><h3 id="m4">iitbombayX.registrationPage.test_registration_page#testRegPage</h3><table class="result"><tr><th>Exception</th></tr><tr><td><div class="stacktrace">org.openqa.selenium.NoSuchElementException: Unable to locate element: {&quot;method&quot;:&quot;xpath&quot;,&quot;selector&quot;:&quot;html/body/div[1]/header/nav/ol[2]/li[2]/a&quot;}
Command duration or timeout: 10.08 seconds
For documentation on this error, please visit: http://seleniumhq.org/exceptions/no_such_element.html
Build info: version: &apos;2.44.0&apos;, revision: &apos;76d78cf&apos;, time: &apos;2014-10-23 20:03:00&apos;
System info: host: &apos;ada2-PC&apos;, ip: &apos;10.129.151.22&apos;, os.name: &apos;Windows 7&apos;, os.arch: &apos;x86&apos;, os.version: &apos;6.1&apos;, java.version: &apos;1.7.0_79&apos;
Session ID: f8b17d3d-07f9-45a4-9749-48c9b8e7c9e3
Driver info: org.openqa.selenium.firefox.FirefoxDriver
Capabilities [{platform=WINDOWS, acceptSslCerts=true, javascriptEnabled=true, cssSelectorsEnabled=true, databaseEnabled=true, browserName=firefox, handlesAlerts=true, browserConnectionEnabled=true, nativeEvents=false, webStorageEnabled=true, rotatable=false, locationContextEnabled=true, applicationCacheEnabled=true, takesScreenshot=true, version=13.0.1}]
	at org.openqa.selenium.remote.ErrorHandler.createThrowable(ErrorHandler.java:204)
	at org.openqa.selenium.remote.ErrorHandler.throwIfResponseFailed(ErrorHandler.java:156)
	at org.openqa.selenium.remote.RemoteWebDriver.execute(RemoteWebDriver.java:599)
	at org.openqa.selenium.remote.RemoteWebDriver.findElement(RemoteWebDriver.java:352)
	at org.openqa.selenium.remote.RemoteWebDriver.findElementByXPath(RemoteWebDriver.java:449)
	at org.openqa.selenium.By$ByXPath.findElement(By.java:357)
	at org.openqa.selenium.remote.RemoteWebDriver.findElement(RemoteWebDriver.java:344)
	at iitbombayX.registrationPage.test_registration_page.testRegPage(test_registration_page.java:60)
Caused by: org.openqa.selenium.NoSuchElementException: Unable to locate element: {&quot;method&quot;:&quot;xpath&quot;,&quot;selector&quot;:&quot;html/body/div[1]/header/nav/ol[2]/li[2]/a&quot;}
For documentation on this error, please visit: http://seleniumhq.org/exceptions/no_such_element.html
Build info: version: &apos;2.44.0&apos;, revision: &apos;76d78cf&apos;, time: &apos;2014-10-23 20:03:00&apos;
System info: host: &apos;ada2-PC&apos;, ip: &apos;10.129.151.22&apos;, os.name: &apos;Windows 7&apos;, os.arch: &apos;x86&apos;, os.version: &apos;6.1&apos;, java.version: &apos;1.7.0_79&apos;
Driver info: driver.version: unknown
	at &lt;anonymous class&gt;.&lt;anonymous method&gt;(file:///C:/Users/ada2/AppData/Local/Temp/anonymous5369541885200102094webdriver-profile/extensions/fxdriver@googlecode.com/components/driver-component.js:9641)
	at &lt;anonymous class&gt;.&lt;anonymous method&gt;(file:///C:/Users/ada2/AppData/Local/Temp/anonymous5369541885200102094webdriver-profile/extensions/fxdriver@googlecode.com/components/driver-component.js:548)
... Removed 28 stack frames</div></td></tr></table><p class="totop"><a href="#summary">back to summary</a></p><h3 id="m5">iitbombayX.registrationPage.content_test#RegistrationPageContent</h3><table class="result"></table><p class="totop"><a href="#summary">back to summary</a></p><h3 id="m6">iitbombayX.registrationPage.registrationPage_header_link#registration_header_nav</h3><table class="result"></table><p class="totop"><a href="#summary">back to summary</a></p><h2>Login Page of IITBombayX</h2><h3 id="m7">iitbombayX.loginPage.ForgotPassword#testResetPassword</h3><table class="result"></table><p class="totop"><a href="#summary">back to summary</a></p><h3 id="m8">iitbombayX.loginPage.testLoginPage#testLoginPage</h3><table class="result"></table><p class="totop"><a href="#summary">back to summary</a></p><h2>Faq page of  IITBombayX</h2><h3 id="m9">HomeToFAQ_page_test.FAQpage_header_Navlinks_test#testHomeToFaqHeadernavLink</h3><table class="result"></table><p class="totop"><a href="#summary">back to summary</a></p><h3 id="m10">HomeToFAQ_page_test.faqLeft_Panel_navLink_test#testFAQLeftPanel</h3><table class="result"></table><p class="totop"><a href="#summary">back to summary</a></p><h3 id="m11">HomeToFAQ_page_test.faq_LEARNERS_content_page#FAQ_content_page</h3><table class="result"></table><p class="totop"><a href="#summary">back to summary</a></p><h3 id="m12">HomeToFAQ_page_test.faq_On_FaqPage#faqOf_FaqPage</h3><table class="result"></table><p class="totop"><a href="#summary">back to summary</a></p><h3 id="m13">HomeToFAQ_page_test.homeToFAQ_footer_nav_link#testFAQFooter</h3><table class="result"></table><p class="totop"><a href="#summary">back to summary</a></p><h2>Course Structure of IITBombayX</h2><h3 id="m14">iitbombayX.TS04.TS04_TC01#courseStructure</h3><table class="result"><tr><th>Exception</th></tr><tr><td><div class="stacktrace">org.openqa.selenium.NoSuchElementException: Unable to locate element: {&quot;method&quot;:&quot;xpath&quot;,&quot;selector&quot;:&quot;//ul[@id=&apos;ui-accordion-accordion-panel-0&apos;]/li[3]/a/p&quot;}
Command duration or timeout: 10.38 seconds
For documentation on this error, please visit: http://seleniumhq.org/exceptions/no_such_element.html
Build info: version: &apos;2.44.0&apos;, revision: &apos;76d78cf&apos;, time: &apos;2014-10-23 20:03:00&apos;
System info: host: &apos;ada2-PC&apos;, ip: &apos;10.129.151.22&apos;, os.name: &apos;Windows 7&apos;, os.arch: &apos;x86&apos;, os.version: &apos;6.1&apos;, java.version: &apos;1.7.0_79&apos;
Session ID: e4c67ca1-38f2-4ef1-bd4d-bc67481753ed
Driver info: org.openqa.selenium.firefox.FirefoxDriver
Capabilities [{platform=WINDOWS, acceptSslCerts=true, javascriptEnabled=true, cssSelectorsEnabled=true, databaseEnabled=true, browserName=firefox, handlesAlerts=true, browserConnectionEnabled=true, nativeEvents=false, webStorageEnabled=true, rotatable=false, locationContextEnabled=true, applicationCacheEnabled=true, takesScreenshot=true, version=13.0.1}]
	at org.openqa.selenium.remote.ErrorHandler.createThrowable(ErrorHandler.java:204)
	at org.openqa.selenium.remote.ErrorHandler.throwIfResponseFailed(ErrorHandler.java:156)
	at org.openqa.selenium.remote.RemoteWebDriver.execute(RemoteWebDriver.java:599)
	at org.openqa.selenium.remote.RemoteWebDriver.findElement(RemoteWebDriver.java:352)
	at org.openqa.selenium.remote.RemoteWebDriver.findElementByXPath(RemoteWebDriver.java:449)
	at org.openqa.selenium.By$ByXPath.findElement(By.java:357)
	at org.openqa.selenium.remote.RemoteWebDriver.findElement(RemoteWebDriver.java:344)
	at iitbombayX.TS04.TS04_TC01.courseStructure(TS04_TC01.java:43)
Caused by: org.openqa.selenium.NoSuchElementException: Unable to locate element: {&quot;method&quot;:&quot;xpath&quot;,&quot;selector&quot;:&quot;//ul[@id=&apos;ui-accordion-accordion-panel-0&apos;]/li[3]/a/p&quot;}
For documentation on this error, please visit: http://seleniumhq.org/exceptions/no_such_element.html
Build info: version: &apos;2.44.0&apos;, revision: &apos;76d78cf&apos;, time: &apos;2014-10-23 20:03:00&apos;
System info: host: &apos;ada2-PC&apos;, ip: &apos;10.129.151.22&apos;, os.name: &apos;Windows 7&apos;, os.arch: &apos;x86&apos;, os.version: &apos;6.1&apos;, java.version: &apos;1.7.0_79&apos;
Driver info: driver.version: unknown
	at &lt;anonymous class&gt;.&lt;anonymous method&gt;(file:///C:/Users/ada2/AppData/Local/Temp/anonymous1052443741111086103webdriver-profile/extensions/fxdriver@googlecode.com/components/driver-component.js:9641)
	at &lt;anonymous class&gt;.&lt;anonymous method&gt;(file:///C:/Users/ada2/AppData/Local/Temp/anonymous1052443741111086103webdriver-profile/extensions/fxdriver@googlecode.com/components/driver-component.js:548)
... Removed 28 stack frames</div></td></tr></table><p class="totop"><a href="#summary">back to summary</a></p><h3 id="m15">iitbombayX.TS04.TS04_TC03#findCourses</h3><table class="result"><tr><th>Exception</th></tr><tr><td><div class="stacktrace">org.openqa.selenium.NoSuchElementException: Unable to locate element: {&quot;method&quot;:&quot;link text&quot;,&quot;selector&quot;:&quot;Demo Course&quot;}
Command duration or timeout: 10.78 seconds
For documentation on this error, please visit: http://seleniumhq.org/exceptions/no_such_element.html
Build info: version: &apos;2.44.0&apos;, revision: &apos;76d78cf&apos;, time: &apos;2014-10-23 20:03:00&apos;
System info: host: &apos;ada2-PC&apos;, ip: &apos;10.129.151.22&apos;, os.name: &apos;Windows 7&apos;, os.arch: &apos;x86&apos;, os.version: &apos;6.1&apos;, java.version: &apos;1.7.0_79&apos;
Session ID: 6bdb56f3-a408-49f7-8e02-64d6f8db3f46
Driver info: org.openqa.selenium.firefox.FirefoxDriver
Capabilities [{platform=WINDOWS, acceptSslCerts=true, javascriptEnabled=true, cssSelectorsEnabled=true, databaseEnabled=true, browserName=firefox, handlesAlerts=true, browserConnectionEnabled=true, nativeEvents=false, webStorageEnabled=true, rotatable=false, locationContextEnabled=true, applicationCacheEnabled=true, takesScreenshot=true, version=13.0.1}]
	at org.openqa.selenium.remote.ErrorHandler.createThrowable(ErrorHandler.java:204)
	at org.openqa.selenium.remote.ErrorHandler.throwIfResponseFailed(ErrorHandler.java:156)
	at org.openqa.selenium.remote.RemoteWebDriver.execute(RemoteWebDriver.java:599)
	at org.openqa.selenium.remote.RemoteWebDriver.findElement(RemoteWebDriver.java:352)
	at org.openqa.selenium.remote.RemoteWebDriver.findElementByLinkText(RemoteWebDriver.java:401)
	at org.openqa.selenium.By$ByLinkText.findElement(By.java:242)
	at org.openqa.selenium.remote.RemoteWebDriver.findElement(RemoteWebDriver.java:344)
	at iitbombayX.TS04.TS04_TC03.findCourses(TS04_TC03.java:29)
Caused by: org.openqa.selenium.NoSuchElementException: Unable to locate element: {&quot;method&quot;:&quot;link text&quot;,&quot;selector&quot;:&quot;Demo Course&quot;}
For documentation on this error, please visit: http://seleniumhq.org/exceptions/no_such_element.html
Build info: version: &apos;2.44.0&apos;, revision: &apos;76d78cf&apos;, time: &apos;2014-10-23 20:03:00&apos;
System info: host: &apos;ada2-PC&apos;, ip: &apos;10.129.151.22&apos;, os.name: &apos;Windows 7&apos;, os.arch: &apos;x86&apos;, os.version: &apos;6.1&apos;, java.version: &apos;1.7.0_79&apos;
Driver info: driver.version: unknown
	at &lt;anonymous class&gt;.&lt;anonymous method&gt;(file:///C:/Users/ada2/AppData/Local/Temp/anonymous2119273128398755524webdriver-profile/extensions/fxdriver@googlecode.com/components/driver-component.js:9641)
	at &lt;anonymous class&gt;.&lt;anonymous method&gt;(file:///C:/Users/ada2/AppData/Local/Temp/anonymous2119273128398755524webdriver-profile/extensions/fxdriver@googlecode.com/components/driver-component.js:548)
... Removed 28 stack frames</div></td></tr></table><p class="totop"><a href="#summary">back to summary</a></p><h3 id="m16">iitbombayX.TS04.TS04_TC02#logout_fromAccount</h3><table class="result"></table><p class="totop"><a href="#summary">back to summary</a></p><h2>Course videos of  IITBombayX</h2><h3 id="m17">iitbombayX.TS05.TS05_TC01#viewLecture_Video</h3><table class="result"><tr><th>Exception</th></tr><tr><td><div class="stacktrace">org.openqa.selenium.ElementNotVisibleException: Element is not currently visible and so may not be interacted with
Command duration or timeout: 10.07 seconds
Build info: version: &apos;2.44.0&apos;, revision: &apos;76d78cf&apos;, time: &apos;2014-10-23 20:03:00&apos;
System info: host: &apos;ada2-PC&apos;, ip: &apos;10.129.151.22&apos;, os.name: &apos;Windows 7&apos;, os.arch: &apos;x86&apos;, os.version: &apos;6.1&apos;, java.version: &apos;1.7.0_79&apos;
Session ID: 8951b4a8-3578-4582-a6f8-00c14e8e3485
Driver info: org.openqa.selenium.firefox.FirefoxDriver
Capabilities [{platform=WINDOWS, acceptSslCerts=true, javascriptEnabled=true, cssSelectorsEnabled=true, databaseEnabled=true, browserName=firefox, handlesAlerts=true, browserConnectionEnabled=true, nativeEvents=false, webStorageEnabled=true, rotatable=false, locationContextEnabled=true, applicationCacheEnabled=true, takesScreenshot=true, version=13.0.1}]
	at org.openqa.selenium.remote.ErrorHandler.createThrowable(ErrorHandler.java:204)
	at org.openqa.selenium.remote.ErrorHandler.throwIfResponseFailed(ErrorHandler.java:156)
	at org.openqa.selenium.remote.RemoteWebDriver.execute(RemoteWebDriver.java:599)
	at org.openqa.selenium.remote.RemoteWebElement.execute(RemoteWebElement.java:268)
	at org.openqa.selenium.remote.RemoteWebElement.click(RemoteWebElement.java:79)
	at iitbombayX.TS05.TS05_TC01.viewLecture_Video(TS05_TC01.java:32)
Caused by: org.openqa.selenium.ElementNotVisibleException: Element is not currently visible and so may not be interacted with
Build info: version: &apos;2.44.0&apos;, revision: &apos;76d78cf&apos;, time: &apos;2014-10-23 20:03:00&apos;
System info: host: &apos;ada2-PC&apos;, ip: &apos;10.129.151.22&apos;, os.name: &apos;Windows 7&apos;, os.arch: &apos;x86&apos;, os.version: &apos;6.1&apos;, java.version: &apos;1.7.0_79&apos;
Driver info: driver.version: unknown
	at &lt;anonymous class&gt;.&lt;anonymous method&gt;(file:///C:/Users/ada2/AppData/Local/Temp/anonymous589847411064227339webdriver-profile/extensions/fxdriver@googlecode.com/components/command-processor.js:8959)
	at &lt;anonymous class&gt;.&lt;anonymous method&gt;(file:///C:/Users/ada2/AppData/Local/Temp/anonymous589847411064227339webdriver-profile/extensions/fxdriver@googlecode.com/components/command-processor.js:11618)
	at &lt;anonymous class&gt;.&lt;anonymous method&gt;(file:///C:/Users/ada2/AppData/Local/Temp/anonymous589847411064227339webdriver-profile/extensions/fxdriver@googlecode.com/components/command-processor.js:11635)
	at &lt;anonymous class&gt;.&lt;anonymous method&gt;(file:///C:/Users/ada2/AppData/Local/Temp/anonymous589847411064227339webdriver-profile/extensions/fxdriver@googlecode.com/components/command-processor.js:548)
... Removed 28 stack frames</div></td></tr></table><p class="totop"><a href="#summary">back to summary</a></p><h3 id="m18">iitbombayX.TS05.TS05_TC02#viewLect_transcript</h3><table class="result"><tr><th>Exception</th></tr><tr><td><div class="stacktrace">org.openqa.selenium.ElementNotVisibleException: Element is not currently visible and so may not be interacted with
Command duration or timeout: 10.11 seconds
Build info: version: &apos;2.44.0&apos;, revision: &apos;76d78cf&apos;, time: &apos;2014-10-23 20:03:00&apos;
System info: host: &apos;ada2-PC&apos;, ip: &apos;10.129.151.22&apos;, os.name: &apos;Windows 7&apos;, os.arch: &apos;x86&apos;, os.version: &apos;6.1&apos;, java.version: &apos;1.7.0_79&apos;
Session ID: 932562bf-3686-4a0a-86f1-230c532ce644
Driver info: org.openqa.selenium.firefox.FirefoxDriver
Capabilities [{platform=WINDOWS, acceptSslCerts=true, javascriptEnabled=true, cssSelectorsEnabled=true, databaseEnabled=true, browserName=firefox, handlesAlerts=true, browserConnectionEnabled=true, nativeEvents=false, webStorageEnabled=true, rotatable=false, locationContextEnabled=true, applicationCacheEnabled=true, takesScreenshot=true, version=13.0.1}]
	at org.openqa.selenium.remote.ErrorHandler.createThrowable(ErrorHandler.java:204)
	at org.openqa.selenium.remote.ErrorHandler.throwIfResponseFailed(ErrorHandler.java:156)
	at org.openqa.selenium.remote.RemoteWebDriver.execute(RemoteWebDriver.java:599)
	at org.openqa.selenium.remote.RemoteWebElement.execute(RemoteWebElement.java:268)
	at org.openqa.selenium.remote.RemoteWebElement.click(RemoteWebElement.java:79)
	at iitbombayX.TS05.TS05_TC02.viewLect_transcript(TS05_TC02.java:29)
Caused by: org.openqa.selenium.ElementNotVisibleException: Element is not currently visible and so may not be interacted with
Build info: version: &apos;2.44.0&apos;, revision: &apos;76d78cf&apos;, time: &apos;2014-10-23 20:03:00&apos;
System info: host: &apos;ada2-PC&apos;, ip: &apos;10.129.151.22&apos;, os.name: &apos;Windows 7&apos;, os.arch: &apos;x86&apos;, os.version: &apos;6.1&apos;, java.version: &apos;1.7.0_79&apos;
Driver info: driver.version: unknown
	at &lt;anonymous class&gt;.&lt;anonymous method&gt;(file:///C:/Users/ada2/AppData/Local/Temp/anonymous756040333937909974webdriver-profile/extensions/fxdriver@googlecode.com/components/command-processor.js:8959)
	at &lt;anonymous class&gt;.&lt;anonymous method&gt;(file:///C:/Users/ada2/AppData/Local/Temp/anonymous756040333937909974webdriver-profile/extensions/fxdriver@googlecode.com/components/command-processor.js:11618)
	at &lt;anonymous class&gt;.&lt;anonymous method&gt;(file:///C:/Users/ada2/AppData/Local/Temp/anonymous756040333937909974webdriver-profile/extensions/fxdriver@googlecode.com/components/command-processor.js:11635)
	at &lt;anonymous class&gt;.&lt;anonymous method&gt;(file:///C:/Users/ada2/AppData/Local/Temp/anonymous756040333937909974webdriver-profile/extensions/fxdriver@googlecode.com/components/command-processor.js:548)
... Removed 28 stack frames</div></td></tr></table><p class="totop"><a href="#summary">back to summary</a></p><h3 id="m19">iitbombayX.TS05.TS05_TC04#download_transcript_video</h3><table class="result"><tr><th>Exception</th></tr><tr><td><div class="stacktrace">org.openqa.selenium.ElementNotVisibleException: Element is not currently visible and so may not be interacted with
Command duration or timeout: 11.98 seconds
Build info: version: &apos;2.44.0&apos;, revision: &apos;76d78cf&apos;, time: &apos;2014-10-23 20:03:00&apos;
System info: host: &apos;ada2-PC&apos;, ip: &apos;10.129.151.22&apos;, os.name: &apos;Windows 7&apos;, os.arch: &apos;x86&apos;, os.version: &apos;6.1&apos;, java.version: &apos;1.7.0_79&apos;
Session ID: 66fa7b42-9bc3-4d16-ad51-c345fea12e36
Driver info: org.openqa.selenium.firefox.FirefoxDriver
Capabilities [{platform=WINDOWS, acceptSslCerts=true, javascriptEnabled=true, cssSelectorsEnabled=true, databaseEnabled=true, browserName=firefox, handlesAlerts=true, browserConnectionEnabled=true, nativeEvents=false, webStorageEnabled=true, rotatable=false, locationContextEnabled=true, applicationCacheEnabled=true, takesScreenshot=true, version=13.0.1}]
	at org.openqa.selenium.remote.ErrorHandler.createThrowable(ErrorHandler.java:204)
	at org.openqa.selenium.remote.ErrorHandler.throwIfResponseFailed(ErrorHandler.java:156)
	at org.openqa.selenium.remote.RemoteWebDriver.execute(RemoteWebDriver.java:599)
	at org.openqa.selenium.remote.RemoteWebElement.execute(RemoteWebElement.java:268)
	at org.openqa.selenium.remote.RemoteWebElement.click(RemoteWebElement.java:79)
	at iitbombayX.TS05.TS05_TC04.download_transcript_video(TS05_TC04.java:30)
Caused by: org.openqa.selenium.ElementNotVisibleException: Element is not currently visible and so may not be interacted with
Build info: version: &apos;2.44.0&apos;, revision: &apos;76d78cf&apos;, time: &apos;2014-10-23 20:03:00&apos;
System info: host: &apos;ada2-PC&apos;, ip: &apos;10.129.151.22&apos;, os.name: &apos;Windows 7&apos;, os.arch: &apos;x86&apos;, os.version: &apos;6.1&apos;, java.version: &apos;1.7.0_79&apos;
Driver info: driver.version: unknown
	at &lt;anonymous class&gt;.&lt;anonymous method&gt;(file:///C:/Users/ada2/AppData/Local/Temp/anonymous2515053880064928952webdriver-profile/extensions/fxdriver@googlecode.com/components/command-processor.js:8959)
	at &lt;anonymous class&gt;.&lt;anonymous method&gt;(file:///C:/Users/ada2/AppData/Local/Temp/anonymous2515053880064928952webdriver-profile/extensions/fxdriver@googlecode.com/components/command-processor.js:11618)
	at &lt;anonymous class&gt;.&lt;anonymous method&gt;(file:///C:/Users/ada2/AppData/Local/Temp/anonymous2515053880064928952webdriver-profile/extensions/fxdriver@googlecode.com/components/command-processor.js:11635)
	at &lt;anonymous class&gt;.&lt;anonymous method&gt;(file:///C:/Users/ada2/AppData/Local/Temp/anonymous2515053880064928952webdriver-profile/extensions/fxdriver@googlecode.com/components/command-processor.js:548)
... Removed 28 stack frames</div></td></tr></table><p class="totop"><a href="#summary">back to summary</a></p></body></html>